<?xml version="1.0" encoding="UTF-8"?>
<testsuite name="Gradle Test Executor 2" tests="1" skipped="0" failures="1" errors="0" timestamp="2020-04-23T14:33:56" hostname="Manishs-MacBook-Pro-2.local" time="5.302">
  <properties/>
  <testcase name="failed to execute tests" classname="Gradle Test Executor 2" time="5.302">
    <failure message="org.gradle.api.internal.tasks.testing.TestSuiteExecutionException: Could not complete execution for Gradle Test Executor 2." type="org.gradle.api.internal.tasks.testing.TestSuiteExecutionException">org.gradle.api.internal.tasks.testing.TestSuiteExecutionException: Could not complete execution for Gradle Test Executor 2.
	at org.gradle.api.internal.tasks.testing.SuiteTestClassProcessor.stop(SuiteTestClassProcessor.java:63)
	at sun.reflect.NativeMethodAccessorImpl.invoke0(Native Method)
	at sun.reflect.NativeMethodAccessorImpl.invoke(NativeMethodAccessorImpl.java:62)
	at sun.reflect.DelegatingMethodAccessorImpl.invoke(DelegatingMethodAccessorImpl.java:43)
	at java.lang.reflect.Method.invoke(Method.java:498)
	at org.gradle.internal.dispatch.ReflectionDispatch.dispatch(ReflectionDispatch.java:36)
	at org.gradle.internal.dispatch.ReflectionDispatch.dispatch(ReflectionDispatch.java:24)
	at org.gradle.internal.dispatch.ContextClassLoaderDispatch.dispatch(ContextClassLoaderDispatch.java:33)
	at org.gradle.internal.dispatch.ProxyDispatchAdapter$DispatchingInvocationHandler.invoke(ProxyDispatchAdapter.java:94)
	at com.sun.proxy.$Proxy2.stop(Unknown Source)
	at org.gradle.api.internal.tasks.testing.worker.TestWorker.stop(TestWorker.java:132)
	at sun.reflect.NativeMethodAccessorImpl.invoke0(Native Method)
	at sun.reflect.NativeMethodAccessorImpl.invoke(NativeMethodAccessorImpl.java:62)
	at sun.reflect.DelegatingMethodAccessorImpl.invoke(DelegatingMethodAccessorImpl.java:43)
	at java.lang.reflect.Method.invoke(Method.java:498)
	at org.gradle.internal.dispatch.ReflectionDispatch.dispatch(ReflectionDispatch.java:36)
	at org.gradle.internal.dispatch.ReflectionDispatch.dispatch(ReflectionDispatch.java:24)
	at org.gradle.internal.remote.internal.hub.MessageHubBackedObjectConnection$DispatchWrapper.dispatch(MessageHubBackedObjectConnection.java:182)
	at org.gradle.internal.remote.internal.hub.MessageHubBackedObjectConnection$DispatchWrapper.dispatch(MessageHubBackedObjectConnection.java:164)
	at org.gradle.internal.remote.internal.hub.MessageHub$Handler.run(MessageHub.java:412)
	at org.gradle.internal.concurrent.ExecutorPolicy$CatchAndRecordFailures.onExecute(ExecutorPolicy.java:64)
	at org.gradle.internal.concurrent.ManagedExecutorImpl$1.run(ManagedExecutorImpl.java:48)
	at java.util.concurrent.ThreadPoolExecutor.runWorker(ThreadPoolExecutor.java:1149)
	at java.util.concurrent.ThreadPoolExecutor$Worker.run(ThreadPoolExecutor.java:624)
	at org.gradle.internal.concurrent.ThreadFactoryImpl$ManagedThreadRunnable.run(ThreadFactoryImpl.java:56)
	at java.lang.Thread.run(Thread.java:748)
Caused by: java.lang.NoClassDefFoundError: com/google/inject/Injector
	at java.lang.Class.getDeclaredMethods0(Native Method)
	at java.lang.Class.privateGetDeclaredMethods(Class.java:2701)
	at java.lang.Class.privateGetPublicMethods(Class.java:2902)
	at java.lang.Class.getMethods(Class.java:1615)
	at org.apache.velocity.util.introspection.ClassMap.getAccessibleMethods(ClassMap.java:258)
	at org.apache.velocity.util.introspection.ClassMap.populateMethodCache(ClassMap.java:151)
	at org.apache.velocity.util.introspection.ClassMap.&lt;init&gt;(ClassMap.java:64)
	at org.apache.velocity.util.introspection.IntrospectorBase.createClassMap(IntrospectorBase.java:126)
	at org.apache.velocity.util.introspection.IntrospectorBase.getMethod(IntrospectorBase.java:112)
	at org.apache.velocity.util.introspection.Introspector.getMethod(Introspector.java:100)
	at org.apache.velocity.runtime.parser.node.PropertyExecutor.discover(PropertyExecutor.java:65)
	at org.apache.velocity.runtime.parser.node.PropertyExecutor.&lt;init&gt;(PropertyExecutor.java:39)
	at org.apache.velocity.util.introspection.UberspectImpl.getPropertyGet(UberspectImpl.java:156)
	at org.apache.velocity.runtime.parser.node.ASTIdentifier.execute(ASTIdentifier.java:125)
	at org.apache.velocity.runtime.parser.node.ASTReference.execute(ASTReference.java:175)
	at org.apache.velocity.runtime.parser.node.ASTReference.evaluate(ASTReference.java:307)
	at org.apache.velocity.runtime.parser.node.ASTNotNode.evaluate(ASTNotNode.java:45)
	at org.apache.velocity.runtime.parser.node.ASTExpression.evaluate(ASTExpression.java:45)
	at org.apache.velocity.runtime.parser.node.ASTIfStatement.render(ASTIfStatement.java:68)
	at org.apache.velocity.runtime.parser.node.ASTBlock.render(ASTBlock.java:55)
	at org.apache.velocity.runtime.directive.Foreach.render(Foreach.java:166)
	at org.apache.velocity.runtime.parser.node.ASTDirective.render(ASTDirective.java:114)
	at org.apache.velocity.runtime.parser.node.SimpleNode.render(SimpleNode.java:230)
	at org.apache.velocity.Template.merge(Template.java:256)
	at org.apache.velocity.app.Velocity.mergeTemplate(Velocity.java:449)
	at org.uncommons.reportng.AbstractReporter.generateFile(AbstractReporter.java:108)
	at org.uncommons.reportng.HTMLReporter.createOverview(HTMLReporter.java:148)
	at org.uncommons.reportng.HTMLReporter.generateReport(HTMLReporter.java:111)
	at org.testng.TestNG.generateReports(TestNG.java:1097)
	at org.testng.TestNG.run(TestNG.java:1022)
	at org.gradle.api.internal.tasks.testing.testng.TestNGTestClassProcessor.runTests(TestNGTestClassProcessor.java:141)
	at org.gradle.api.internal.tasks.testing.testng.TestNGTestClassProcessor.stop(TestNGTestClassProcessor.java:90)
	at org.gradle.api.internal.tasks.testing.SuiteTestClassProcessor.stop(SuiteTestClassProcessor.java:61)
	... 25 more
Caused by: java.lang.ClassNotFoundException: com.google.inject.Injector
	at java.net.URLClassLoader.findClass(URLClassLoader.java:382)
	at java.lang.ClassLoader.loadClass(ClassLoader.java:424)
	at sun.misc.Launcher$AppClassLoader.loadClass(Launcher.java:349)
	at java.lang.ClassLoader.loadClass(ClassLoader.java:357)
	... 58 more
</failure>
  </testcase>
  <system-out><![CDATA[]]></system-out>
  <system-err><![CDATA[]]></system-err>
</testsuite>
